# JRE version: Java(TM) SE Runtime Environment (7.0_79-b15) (build 1.7.0_79-b15)
# Java VM: Java HotSpot(TM) 64-Bit Server VM (24.79-b02 mixed mode windows-amd64 compressed oops)
Heap
 PSYoungGen      total 19456K, used 9695K [0x00000007d5500000, 0x00000007d7b00000, 0x0000000800000000)
  eden space 16896K, 42% used [0x00000007d5500000,0x00000007d5bfc140,0x00000007d6580000)
  from space 2560K, 99% used [0x00000007d6580000,0x00000007d67fbb10,0x00000007d6800000)
  to   space 2560K, 0% used [0x00000007d7880000,0x00000007d7880000,0x00000007d7b00000)
 ParOldGen       total 43520K, used 10166K [0x0000000780000000, 0x0000000782a80000, 0x00000007d5500000)
  object space 43520K, 23% used [0x0000000780000000,0x00000007809eda70,0x0000000782a80000)
 PSPermGen       total 21504K, used 5532K [0x000000077ae00000, 0x000000077c300000, 0x0000000780000000)
  object space 21504K, 25% used [0x000000077ae00000,0x000000077b367368,0x000000077c300000)
GC Heap History (6 events):
Event: 0.804 GC heap before
{Heap before GC invocations=1 (full 0):
 PSYoungGen      total 19456K, used 16896K [0x00000007d5500000, 0x00000007d6a80000, 0x0000000800000000)
  eden space 16896K, 100% used [0x00000007d5500000,0x00000007d6580000,0x00000007d6580000)
  from space 2560K, 0% used [0x00000007d6800000,0x00000007d6800000,0x00000007d6a80000)
  to   space 2560K, 0% used [0x00000007d6580000,0x00000007d6580000,0x00000007d6800000)
 ParOldGen       total 43520K, used 0K [0x0000000780000000, 0x0000000782a80000, 0x00000007d5500000)
  object space 43520K, 0% used [0x0000000780000000,0x0000000780000000,0x0000000782a80000)
 PSPermGen       total 21504K, used 5193K [0x000000077ae00000, 0x000000077c300000, 0x0000000780000000)
  object space 21504K, 24% used [0x000000077ae00000,0x000000077b312658,0x000000077c300000)
Event: 0.816 GC heap after
Heap after GC invocations=1 (full 0):
 PSYoungGen      total 19456K, used 2556K [0x00000007d5500000, 0x00000007d6a80000, 0x0000000800000000)
  eden space 16896K, 0% used [0x00000007d5500000,0x00000007d5500000,0x00000007d6580000)
  from space 2560K, 99% used [0x00000007d6580000,0x00000007d67ff048,0x00000007d6800000)
  to   space 2560K, 0% used [0x00000007d6800000,0x00000007d6800000,0x00000007d6a80000)
 ParOldGen       total 43520K, used 2749K [0x0000000780000000, 0x0000000782a80000, 0x00000007d5500000)
  object space 43520K, 6% used [0x0000000780000000,0x00000007802af518,0x0000000782a80000)
 PSPermGen       total 21504K, used 5193K [0x000000077ae00000, 0x000000077c300000, 0x0000000780000000)
  object space 21504K, 24% used [0x000000077ae00000,0x000000077b312658,0x000000077c300000)
}
Event: 1.190 GC heap before
{Heap before GC invocations=2 (full 0):
 PSYoungGen      total 19456K, used 19452K [0x00000007d5500000, 0x00000007d6a80000, 0x0000000800000000)
  eden space 16896K, 100% used [0x00000007d5500000,0x00000007d6580000,0x00000007d6580000)
  from space 2560K, 99% used [0x00000007d6580000,0x00000007d67ff048,0x00000007d6800000)
  to   space 2560K, 0% used [0x00000007d6800000,0x00000007d6800000,0x00000007d6a80000)
 ParOldGen       total 43520K, used 2749K [0x0000000780000000, 0x0000000782a80000, 0x00000007d5500000)
  object space 43520K, 6% used [0x0000000780000000,0x00000007802af518,0x0000000782a80000)
 PSPermGen       total 21504K, used 5387K [0x000000077ae00000, 0x000000077c300000, 0x0000000780000000)
  object space 21504K, 25% used [0x000000077ae00000,0x000000077b342f10,0x000000077c300000)
Event: 1.206 GC heap after
Heap after GC invocations=2 (full 0):
 PSYoungGen      total 19456K, used 2559K [0x00000007d5500000, 0x00000007d7b00000, 0x0000000800000000)
  eden space 16896K, 0% used [0x00000007d5500000,0x00000007d5500000,0x00000007d6580000)
  from space 2560K, 99% used [0x00000007d6800000,0x00000007d6a7fcd0,0x00000007d6a80000)
  to   space 2560K, 0% used [0x00000007d6580000,0x00000007d6580000,0x00000007d6800000)
 ParOldGen       total 43520K, used 6742K [0x0000000780000000, 0x0000000782a80000, 0x00000007d5500000)
  object space 43520K, 15% used [0x0000000780000000,0x0000000780695b98,0x0000000782a80000)
 PSPermGen       total 21504K, used 5387K [0x000000077ae00000, 0x000000077c300000, 0x0000000780000000)
  object space 21504K, 25% used [0x000000077ae00000,0x000000077b342f10,0x000000077c300000)
}
Event: 1.545 GC heap before
{Heap before GC invocations=3 (full 0):
 PSYoungGen      total 19456K, used 19455K [0x00000007d5500000, 0x00000007d7b00000, 0x0000000800000000)
  eden space 16896K, 100% used [0x00000007d5500000,0x00000007d6580000,0x00000007d6580000)
  from space 2560K, 99% used [0x00000007d6800000,0x00000007d6a7fcd0,0x00000007d6a80000)
  to   space 2560K, 0% used [0x00000007d6580000,0x00000007d6580000,0x00000007d6800000)
 ParOldGen       total 43520K, used 6742K [0x0000000780000000, 0x0000000782a80000, 0x00000007d5500000)
  object space 43520K, 15% used [0x0000000780000000,0x0000000780695b98,0x0000000782a80000)
 PSPermGen       total 21504K, used 5504K [0x000000077ae00000, 0x000000077c300000, 0x0000000780000000)
  object space 21504K, 25% used [0x000000077ae00000,0x000000077b3600d0,0x000000077c300000)
Event: 1.565 GC heap after
Heap after GC invocations=3 (full 0):
 PSYoungGen      total 19456K, used 2542K [0x00000007d5500000, 0x00000007d7b00000, 0x0000000800000000)
  eden space 16896K, 0% used [0x00000007d5500000,0x00000007d5500000,0x00000007d6580000)
  from space 2560K, 99% used [0x00000007d6580000,0x00000007d67fbb10,0x00000007d6800000)
  to   space 2560K, 0% used [0x00000007d7880000,0x00000007d7880000,0x00000007d7b00000)
 ParOldGen       total 43520K, used 10166K [0x0000000780000000, 0x0000000782a80000, 0x00000007d5500000)
  object space 43520K, 23% used [0x0000000780000000,0x00000007809eda70,0x0000000782a80000)
 PSPermGen       total 21504K, used 5504K [0x000000077ae00000, 0x000000077c300000, 0x0000000780000000)
  object space 21504K, 25% used [0x000000077ae00000,0x000000077b3600d0,0x000000077c300000)
}

